<?xml version="1.0" encoding="UTF-8"?>
<!-- Generated by org.testng.reporters.JUnitReportReporter -->
<testsuite hostname="DESKTOP-RJ192UE" failures="0" tests="5" name="com.AdminPage.AdminPageTest" time="8.147" errors="0" timestamp="2024-10-20T10:07:51 IST" skipped="0">
  <testcase classname="com.AdminPage.AdminPageTest" name="loginTest" time="2.392"/>
  <testcase classname="com.AdminPage.AdminPageTest" name="selectAdminMenuTest" time="1.645"/>
  <testcase classname="com.AdminPage.AdminPageTest" name="selectUserNameTest" time="1.339"/>
  <testcase classname="com.AdminPage.AdminPageTest" name="selectUserRoleTest" time="1.444"/>
  <testcase classname="com.AdminPage.AdminPageTest" name="selectUserStatusTest" time="1.327"/>
</testsuite> <!-- com.AdminPage.AdminPageTest -->
